#
# There is insufficient memory for the Java Runtime Environment to continue.
# Native memory allocation (mmap) failed to map 134217728 bytes for G1 virtual space
# Possible reasons:
#   The system is out of physical RAM or swap space
#   The process is running with CompressedOops enabled, and the Java Heap may be blocking the growth of the native heap
# Possible solutions:
#   Reduce memory load on the system
#   Increase physical memory or swap space
#   Check if swap backing store is full
#   Decrease Java heap size (-Xmx/-Xms)
#   Decrease number of Java threads
#   Decrease Java thread stack sizes (-Xss)
#   Set larger code cache with -XX:ReservedCodeCacheSize=
#   JVM is running with Unscaled Compressed Oops mode in which the Java heap is
#     placed in the first 4GB address space. The Java Heap base address is the
#     maximum limit for the native heap growth. Please use -XX:HeapBaseMinAddress
#     to set the Java Heap base and to place the Java Heap above 4GB virtual address.
# This output file may be truncated or incomplete.
#
#  Out of Memory Error (os_windows.cpp:3548), pid=13872, tid=11204
#
# JRE version:  (17.0.12+8) (build )
# Java VM: Java HotSpot(TM) 64-Bit Server VM (17.0.12+8-LTS-286, mixed mode, emulated-client, sharing, tiered, compressed oops, compressed class ptrs, g1 gc, windows-amd64)
# No core dump will be written. Minidumps are not enabled by default on client versions of Windows
#

---------------  S U M M A R Y ------------

Command Line: -XX:TieredStopAtLevel=1 -Dspring.output.ansi.enabled=always -Dcom.sun.management.jmxremote -Dspring.jmx.enabled=true -Dspring.liveBeansView.mbeanDomain -Dspring.application.admin.enabled=true -Dmanagement.endpoints.jmx.exposure.include=* -javaagent:C:\Program Files\JetBrains\IntelliJ IDEA 2025.2.4\lib\idea_rt.jar=49311 -Dfile.encoding=UTF-8 com.example.EurekaServerApplication

Host: AMD Ryzen 5 3500 6-Core Processor              , 6 cores, 7G,  Windows 11 , 64 bit Build 26100 (10.0.26100.7309)
Time: Mon Jan 12 15:42:36 2026  Windows 11 , 64 bit Build 26100 (10.0.26100.7309) elapsed time: 0.324219 seconds (0d 0h 0m 0s)

---------------  T H R E A D  ---------------

Current thread (0x0000019dfd949680):  JavaThread "Unknown thread" [_thread_in_vm, id=11204, stack(0x00000006fac00000,0x00000006fad00000)]

Stack: [0x00000006fac00000,0x00000006fad00000]
Native frames: (J=compiled Java code, j=interpreted, Vv=VM code, C=native code)
V  [jvm.dll+0x67a04a]
V  [jvm.dll+0x7da4ed]
V  [jvm.dll+0x7dbe33]
V  [jvm.dll+0x7dc4a3]
V  [jvm.dll+0x24508f]
V  [jvm.dll+0x677089]
V  [jvm.dll+0x66bd32]
V  [jvm.dll+0x301fa6]
V  [jvm.dll+0x309546]
V  [jvm.dll+0x359d2e]
V  [jvm.dll+0x359f5f]
V  [jvm.dll+0x2d9078]
V  [jvm.dll+0x2d9fe4]
V  [jvm.dll+0x7aca21]
V  [jvm.dll+0x367591]
V  [jvm.dll+0x78b999]
V  [jvm.dll+0x3ec83f]
V  [jvm.dll+0x3ee471]
C  [jli.dll+0x5297]
C  [ucrtbase.dll+0x37b0]
C  [KERNEL32.DLL+0x2e8d7]
C  [ntdll.dll+0x8c53c]


---------------  P R O C E S S  ---------------

Threads class SMR info:
_java_thread_list=0x00007ffedc597a18, length=0, elements={
}

Java Threads: ( => current thread )

Other Threads:
  0x0000019dfd9a4580 GCTaskThread "GC Thread#0" [stack: 0x00000006fad00000,0x00000006fae00000] [id=12968]
  0x0000019dfd80eac0 ConcurrentGCThread "G1 Main Marker" [stack: 0x00000006fae00000,0x00000006faf00000] [id=14360]
  0x0000019dfd9b3a70 ConcurrentGCThread "G1 Conc#0" [stack: 0x00000006faf00000,0x00000006fb000000] [id=1352]

[error occurred during error reporting (printing all threads), id 0xc0000005, EXCEPTION_ACCESS_VIOLATION (0xc0000005) at pc=0x00007ffedbdc9b67]

VM state: not at safepoint (not fully initialized)

VM Mutex/Monitor currently owned by a thread:  ([mutex/lock_event])
[0x0000019dfd945f20] Heap_lock - owner thread: 0x0000019dfd949680

Heap address: 0x0000000080c00000, size: 2036 MB, Compressed Oops mode: 32-bit

CDS archive(s) mapped at: [0x0000000000000000-0x0000000000000000-0x0000000000000000), size 0, SharedBaseAddress: 0x0000000800000000, ArchiveRelocationMode: 1.
Narrow klass base: 0x0000000000000000, Narrow klass shift: 0, Narrow klass range: 0x0

GC Precious Log:
<Empty>

Heap:
 garbage-first heap   total 0K, used 0K [0x0000000080c00000, 0x0000000100000000)
  region size 1024K, 0 young (0K), 0 survivors (0K)

[error occurred during error reporting (printing heap information), id 0xc0000005, EXCEPTION_ACCESS_VIOLATION (0xc0000005) at pc=0x00007ffedc1b3859]

GC Heap History (0 events):
No events

Deoptimization events (0 events):
No events

Classes unloaded (0 events):
No events

Classes redefined (0 events):
No events

Internal exceptions (0 events):
No events

VM Operations (0 events):
No events

Events (1 events):
Event: 0.007 Loaded shared library C:\Program Files\Java\jdk-17\bin\java.dll


Dynamic libraries:
0x00007ff7d1ce0000 - 0x00007ff7d1cf0000 	C:\Program Files\Java\jdk-17\bin\java.exe
0x00007fff4fb80000 - 0x00007fff4fde7000 	C:\WINDOWS\SYSTEM32\ntdll.dll
0x00007fff4e430000 - 0x00007fff4e4f9000 	C:\WINDOWS\System32\KERNEL32.DLL
0x00007fff4d330000 - 0x00007fff4d71f000 	C:\WINDOWS\System32\KERNELBASE.dll
0x00007fff4cd00000 - 0x00007fff4ce4b000 	C:\WINDOWS\System32\ucrtbase.dll
0x00007fff322e0000 - 0x00007fff322f9000 	C:\Program Files\Java\jdk-17\bin\jli.dll
0x00007fff4fa80000 - 0x00007fff4fb34000 	C:\WINDOWS\System32\ADVAPI32.dll
0x00007fff25fa0000 - 0x00007fff25fbb000 	C:\Program Files\Java\jdk-17\bin\VCRUNTIME140.dll
0x00007fff4d920000 - 0x00007fff4d9c9000 	C:\WINDOWS\System32\msvcrt.dll
0x00007fff4db40000 - 0x00007fff4dbe6000 	C:\WINDOWS\System32\sechost.dll
0x00007fff4d9e0000 - 0x00007fff4daf8000 	C:\WINDOWS\System32\RPCRT4.dll
0x00007fff4f030000 - 0x00007fff4f1f5000 	C:\WINDOWS\System32\USER32.dll
0x00007fff4ccd0000 - 0x00007fff4ccf7000 	C:\WINDOWS\System32\win32u.dll
0x00007fff4ee70000 - 0x00007fff4ee9b000 	C:\WINDOWS\System32\GDI32.dll
0x00007fff4ce50000 - 0x00007fff4cf7c000 	C:\WINDOWS\System32\gdi32full.dll
0x00007fff4d7c0000 - 0x00007fff4d863000 	C:\WINDOWS\System32\msvcp_win.dll
0x00007fff46160000 - 0x00007fff4616b000 	C:\WINDOWS\SYSTEM32\VERSION.dll
0x00007fff3dfe0000 - 0x00007fff3e273000 	C:\WINDOWS\WinSxS\amd64_microsoft.windows.common-controls_6595b64144ccf1df_6.0.26100.7309_none_3e05feeae336a044\COMCTL32.dll
0x00007fff4db00000 - 0x00007fff4db31000 	C:\WINDOWS\System32\IMM32.DLL
0x00007fff3e8c0000 - 0x00007fff3e8cc000 	C:\Program Files\Java\jdk-17\bin\vcruntime140_1.dll
0x00007ffeff070000 - 0x00007ffeff0fe000 	C:\Program Files\Java\jdk-17\bin\msvcp140.dll
0x00007ffedbae0000 - 0x00007ffedc6c0000 	C:\Program Files\Java\jdk-17\bin\server\jvm.dll
0x00007fff4f690000 - 0x00007fff4f698000 	C:\WINDOWS\System32\PSAPI.DLL
0x00007fff46120000 - 0x00007fff46155000 	C:\WINDOWS\SYSTEM32\WINMM.dll
0x00007fff3f280000 - 0x00007fff3f28a000 	C:\WINDOWS\SYSTEM32\WSOCK32.dll
0x00007fff4f910000 - 0x00007fff4f984000 	C:\WINDOWS\System32\WS2_32.dll
0x00007fff4bab0000 - 0x00007fff4bacb000 	C:\WINDOWS\SYSTEM32\kernel.appcore.dll
0x00007fff3dbb0000 - 0x00007fff3dbba000 	C:\Program Files\Java\jdk-17\bin\jimage.dll
0x00007fff42d30000 - 0x00007fff42f72000 	C:\WINDOWS\SYSTEM32\DBGHELP.DLL
0x00007fff4dbf0000 - 0x00007fff4df75000 	C:\WINDOWS\System32\combase.dll
0x00007fff4e170000 - 0x00007fff4e246000 	C:\WINDOWS\System32\OLEAUT32.dll
0x00007fff317c0000 - 0x00007fff317fc000 	C:\WINDOWS\SYSTEM32\dbgcore.DLL
0x00007fff4d870000 - 0x00007fff4d915000 	C:\WINDOWS\System32\bcryptPrimitives.dll
0x00007fff36790000 - 0x00007fff3679e000 	C:\Program Files\Java\jdk-17\bin\instrument.dll
0x00007fff20530000 - 0x00007fff20555000 	C:\Program Files\Java\jdk-17\bin\java.dll

dbghelp: loaded successfully - version: 4.0.5 - missing functions: none
symbol engine: initialized successfully - sym options: 0x614 - pdb path: .;C:\Program Files\Java\jdk-17\bin;C:\WINDOWS\SYSTEM32;C:\WINDOWS\WinSxS\amd64_microsoft.windows.common-controls_6595b64144ccf1df_6.0.26100.7309_none_3e05feeae336a044;C:\Program Files\Java\jdk-17\bin\server

VM Arguments:
jvm_args: -XX:TieredStopAtLevel=1 -Dspring.output.ansi.enabled=always -Dcom.sun.management.jmxremote -Dspring.jmx.enabled=true -Dspring.liveBeansView.mbeanDomain -Dspring.application.admin.enabled=true -Dmanagement.endpoints.jmx.exposure.include=* -javaagent:C:\Program Files\JetBrains\IntelliJ IDEA 2025.2.4\lib\idea_rt.jar=49311 -Dfile.encoding=UTF-8 
java_command: com.example.EurekaServerApplication
java_class_path (initial): C:\intellij\MsaCpProject_0112_latest\eureka-server\build\classes\java\main;C:\intellij\MsaCpProject_0112_latest\eureka-server\build\resources\main;C:\Users\wjsrn\.gradle\caches\modules-2\files-2.1\org.springframework.cloud\spring-cloud-starter-netflix-eureka-server\4.0.3\5552504e76a6417da9907b910bb3115a77dcdf9a\spring-cloud-starter-netflix-eureka-server-4.0.3.jar;C:\Users\wjsrn\.gradle\caches\modules-2\files-2.1\org.springframework.boot\spring-boot-starter-web\3.1.5\3674e5603cc25bc4dccf73b97d50234332fc3d72\spring-boot-starter-web-3.1.5.jar;C:\Users\wjsrn\.gradle\caches\modules-2\files-2.1\org.springframework.boot\spring-boot-starter-data-jpa\3.1.5\5fdcfab1fe9d6dddf4352d71f5ed879eb1aa92c2\spring-boot-starter-data-jpa-3.1.5.jar;C:\Users\wjsrn\.gradle\caches\modules-2\files-2.1\com.mysql\mysql-connector-j\8.2.0\56d34aea30915904b1c883f1cfae731dd2df6029\mysql-connector-j-8.2.0.jar;C:\Users\wjsrn\.gradle\caches\modules-2\files-2.1\org.projectlombok\lombok\1.18.30\f195ee86e6c896ea47a1d39defbe20eb59cd149d\lombok-1.18.30.jar;C:\Users\wjsrn\.gradle\caches\modules-2\files-2.1\org.springframework.cloud\spring-cloud-netflix-eureka-server\4.0.3\bcfaa628ecbef993b277eb2229efc8f057207670\spring-cloud-netflix-eureka-server-4.0.3.jar;C:\Users\wjsrn\.gradle\caches\modules-2\files-2.1\org.springframework.cloud\spring-cloud-starter-loadbalancer\4.0.4\5af09a91617eadcf7cccd31c5c39415881183990\spring-cloud-starter-loadbalancer-4.0.4.jar;C:\Users\wjsrn\.gradle\caches\modules-2\files-2.1\org.springframework.cloud\spring-cloud-starter\4.0.4\7a90112c371183668b51e657a1f9113ed38f126f\spring-cloud-starter-4.0.4.jar;C:\Users\wjsrn\.gradle\caches\modules-2\files-2.1\org.glassfish.jaxb\jaxb-runtime\4.0.3\93af25be25b2c92c83e0ce61cb8b3ed23568f316\jaxb-runtime-4.0.3.jar;C:\Users\wjsrn\.gradle\caches\modules-2\files-2.1\org.springframework.boot\spring-boot-starter-json\3.1.5\36ce79c1a5c63ffd72b092eb312cb35ac6edb128\spring-boot-starter-json-3.1.5.jar;C:\Users\wjsrn\.gradle\cac
Launcher Type: SUN_STANDARD

[Global flags]
     intx CICompilerCount                          = 3                                         {product} {ergonomic}
     uint ConcGCThreads                            = 2                                         {product} {ergonomic}
     uint G1ConcRefinementThreads                  = 6                                         {product} {ergonomic}
   size_t G1HeapRegionSize                         = 1048576                                   {product} {ergonomic}
    uintx GCDrainStackTargetSize                   = 64                                        {product} {ergonomic}
   size_t InitialHeapSize                          = 134217728                                 {product} {ergonomic}
     bool ManagementServer                         = true                                      {product} {command line}
   size_t MarkStackSize                            = 4194304                                   {product} {ergonomic}
   size_t MaxHeapSize                              = 2134900736                                {product} {ergonomic}
   size_t MinHeapDeltaBytes                        = 1048576                                   {product} {ergonomic}
   size_t MinHeapSize                              = 8388608                                   {product} {ergonomic}
    uintx NonProfiledCodeHeapSize                  = 0                                      {pd product} {ergonomic}
     bool ProfileInterpreter                       = false                                  {pd product} {command line}
    uintx ProfiledCodeHeapSize                     = 0                                      {pd product} {ergonomic}
   size_t SoftMaxHeapSize                          = 2134900736                             {manageable} {ergonomic}
     intx TieredStopAtLevel                        = 1                                         {product} {command line}
     bool UseCompressedClassPointers               = true                           {product lp64_product} {ergonomic}
     bool UseCompressedOops                        = true                           {product lp64_product} {ergonomic}
     bool UseG1GC                                  = true                                      {product} {ergonomic}
     bool UseLargePagesIndividualAllocation        = false                                  {pd product} {ergonomic}

Logging:
Log output configuration:
 #0: stdout all=warning uptime,level,tags
 #1: stderr all=off uptime,level,tags

Environment Variables:
JAVA_HOME=C:\Program Files\Java\jdk-17
PATH=C:\Program Files\Java\jdk-17\bin;C:\WINDOWS\system32;C:\WINDOWS;C:\WINDOWS\System32\Wbem;C:\WINDOWS\System32\WindowsPowerShell\v1.0\;C:\WINDOWS\System32\OpenSSH\;C:\Program Files\Bandizip\;C:\Program Files\Docker\Docker\resources\bin;C:\Users\wjsrn\AppData\Local\Microsoft\WindowsApps;C:\Users\wjsrn\AppData\Local\Programs\Microsoft VS Code\bin;
USERNAME=yebeen
OS=Windows_NT
PROCESSOR_IDENTIFIER=AMD64 Family 23 Model 113 Stepping 0, AuthenticAMD



---------------  S Y S T E M  ---------------

OS:
 Windows 11 , 64 bit Build 26100 (10.0.26100.7309)
OS uptime: 2 days 21:57 hours
Hyper-V role detected

CPU: total 6 (initial active 6) (6 cores per cpu, 1 threads per core) family 23 model 113 stepping 0 microcode 0x8701013, cx8, cmov, fxsr, mmx, 3dnowpref, sse, sse2, sse3, ssse3, sse4a, sse4.1, sse4.2, popcnt, lzcnt, tsc, tscinvbit, avx, avx2, aes, clmul, bmi1, bmi2, adx, sha, fma, vzeroupper, clflush, clflushopt, hv

Memory: 4k page, system-wide physical 8143M (481M free)
TotalPageFile size 16335M (AvailPageFile size 64M)
current process WorkingSet (physical memory assigned to process): 12M, peak: 12M
current process commit charge ("private bytes"): 51M, peak: 179M

vm_info: Java HotSpot(TM) 64-Bit Server VM (17.0.12+8-LTS-286) for windows-amd64 JRE (17.0.12+8-LTS-286), built on Jun  5 2024 06:46:59 by "mach5one" with MS VC++ 17.6 (VS2022)

END.
